01-12-2022 18:21:11.170 [main] INFO  c.h.demo.SpringRestDemoApplication.logStarting - Starting SpringRestDemoApplication using Java 11.0.2 on Cony with PID 10060 (D:\My Training\spring\spring-boot-demo\jpa-one-one\target\classes started by No Name in D:\My Training\spring\spring-boot-demo\jpa-one-one)
01-12-2022 18:21:11.182 [main] INFO  c.h.demo.SpringRestDemoApplication.logStartupProfileInfo - No active profile set, falling back to 1 default profile: "default"
01-12-2022 18:21:11.879 [main] INFO  o.s.d.r.c.RepositoryConfigurationDelegate.registerRepositoriesIn - Bootstrapping Spring Data JPA repositories in DEFAULT mode.
01-12-2022 18:21:11.922 [main] INFO  o.s.d.r.c.RepositoryConfigurationDelegate.registerRepositoriesIn - Finished Spring Data repository scanning in 34 ms. Found 1 JPA repository interfaces.
01-12-2022 18:21:12.759 [main] INFO  o.s.b.w.e.tomcat.TomcatWebServer.initialize - Tomcat initialized with port(s): 8080 (http)
01-12-2022 18:21:12.772 [main] INFO  o.a.catalina.core.StandardService.log - Starting service [Tomcat]
01-12-2022 18:21:12.772 [main] INFO  o.a.catalina.core.StandardEngine.log - Starting Servlet engine: [Apache Tomcat/9.0.65]
01-12-2022 18:21:12.931 [main] INFO  o.a.c.c.C.[.[localhost].[/demo].log - Initializing Spring embedded WebApplicationContext
01-12-2022 18:21:12.931 [main] INFO  o.s.b.w.s.c.ServletWebServerApplicationContext.prepareWebApplicationContext - Root WebApplicationContext: initialization completed in 1644 ms
01-12-2022 18:21:13.122 [main] INFO  com.zaxxer.hikari.HikariDataSource.getConnection - HikariPool-1 - Starting...
01-12-2022 18:21:13.545 [main] INFO  com.zaxxer.hikari.HikariDataSource.getConnection - HikariPool-1 - Start completed.
01-12-2022 18:21:13.590 [main] INFO  o.h.jpa.internal.util.LogHelper.logPersistenceUnitInformation - HHH000204: Processing PersistenceUnitInfo [name: default]
01-12-2022 18:21:13.651 [main] INFO  org.hibernate.Version.logVersion - HHH000412: Hibernate ORM core version 5.6.11.Final
01-12-2022 18:21:13.866 [main] INFO  o.h.annotations.common.Version.<clinit> - HCANN000001: Hibernate Commons Annotations {5.1.2.Final}
01-12-2022 18:21:13.987 [main] INFO  org.hibernate.dialect.Dialect.<init> - HHH000400: Using dialect: org.hibernate.dialect.MySQL8Dialect
01-12-2022 18:21:14.532 [main] INFO  o.h.e.t.j.p.i.JtaPlatformInitiator.initiateService - HHH000490: Using JtaPlatform implementation: [org.hibernate.engine.transaction.jta.platform.internal.NoJtaPlatform]
01-12-2022 18:21:14.542 [main] INFO  o.s.o.j.LocalContainerEntityManagerFactoryBean.buildNativeEntityManagerFactory - Initialized JPA EntityManagerFactory for persistence unit 'default'
01-12-2022 18:21:14.918 [main] WARN  o.s.b.a.o.j.JpaBaseConfiguration$JpaWebConfiguration.openEntityManagerInViewInterceptor - spring.jpa.open-in-view is enabled by default. Therefore, database queries may be performed during view rendering. Explicitly configure spring.jpa.open-in-view to disable this warning
01-12-2022 18:21:15.769 [main] INFO  o.s.b.w.e.tomcat.TomcatWebServer.start - Tomcat started on port(s): 8080 (http) with context path '/demo'
01-12-2022 18:21:15.784 [main] INFO  c.h.demo.SpringRestDemoApplication.logStarted - Started SpringRestDemoApplication in 5.262 seconds (JVM running for 7.19)
01-12-2022 18:22:26.115 [http-nio-8080-exec-1] INFO  o.a.c.c.C.[.[localhost].[/demo].log - Initializing Spring DispatcherServlet 'dispatcherServlet'
01-12-2022 18:22:26.117 [http-nio-8080-exec-1] INFO  o.s.web.servlet.DispatcherServlet.initServletBean - Initializing Servlet 'dispatcherServlet'
01-12-2022 18:22:26.121 [http-nio-8080-exec-1] INFO  o.s.web.servlet.DispatcherServlet.initServletBean - Completed initialization in 2 ms
01-12-2022 18:22:27.201 [http-nio-8080-exec-10] INFO  o.s.api.AbstractOpenApiResource.getOpenApi - Init duration for springdoc-openapi is: 346 ms
01-12-2022 18:22:40.879 [http-nio-8080-exec-7] INFO  c.h.d.controller.CustomerController.getCustomers - An INFO Log
01-12-2022 18:22:40.880 [http-nio-8080-exec-7] WARN  c.h.d.controller.CustomerController.getCustomers - A WARN Log
01-12-2022 18:22:40.880 [http-nio-8080-exec-7] ERROR c.h.d.controller.CustomerController.getCustomers - An ERROR Log
01-12-2022 18:22:40.881 [http-nio-8080-exec-7] DEBUG c.h.demo.service.CustomerServiceImpl.getAllCustomers - DEBUG Log from service
01-12-2022 18:22:40.881 [http-nio-8080-exec-7] INFO  c.h.demo.service.CustomerServiceImpl.getAllCustomers - An INFO Log from service
01-12-2022 18:22:40.881 [http-nio-8080-exec-7] WARN  c.h.demo.service.CustomerServiceImpl.getAllCustomers - A WARN Log from service
01-12-2022 18:22:40.881 [http-nio-8080-exec-7] ERROR c.h.demo.service.CustomerServiceImpl.getAllCustomers - An ERROR Log from service
01-12-2022 18:22:41.181 [http-nio-8080-exec-7] TRACE o.h.type.descriptor.sql.BasicBinder.bind - binding parameter [1] as [INTEGER] - [40]
01-12-2022 18:22:41.201 [http-nio-8080-exec-7] TRACE o.h.type.descriptor.sql.BasicBinder.bind - binding parameter [1] as [INTEGER] - [41]
01-12-2022 18:22:41.205 [http-nio-8080-exec-7] TRACE o.h.type.descriptor.sql.BasicBinder.bind - binding parameter [1] as [INTEGER] - [42]
01-12-2022 18:22:41.209 [http-nio-8080-exec-7] TRACE o.h.type.descriptor.sql.BasicBinder.bind - binding parameter [1] as [INTEGER] - [43]
01-12-2022 18:22:41.214 [http-nio-8080-exec-7] TRACE o.h.type.descriptor.sql.BasicBinder.bind - binding parameter [1] as [INTEGER] - [44]
01-12-2022 18:24:01.317 [main] INFO  c.h.demo.SpringRestDemoApplication.logStarting - Starting SpringRestDemoApplication using Java 11.0.2 on Cony with PID 8512 (D:\My Training\spring\spring-boot-demo\jpa-one-one\target\classes started by No Name in D:\My Training\spring\spring-boot-demo\jpa-one-one)
01-12-2022 18:24:01.332 [main] INFO  c.h.demo.SpringRestDemoApplication.logStartupProfileInfo - No active profile set, falling back to 1 default profile: "default"
01-12-2022 18:24:02.558 [main] INFO  o.s.d.r.c.RepositoryConfigurationDelegate.registerRepositoriesIn - Bootstrapping Spring Data JPA repositories in DEFAULT mode.
01-12-2022 18:24:02.603 [main] INFO  o.s.d.r.c.RepositoryConfigurationDelegate.registerRepositoriesIn - Finished Spring Data repository scanning in 35 ms. Found 1 JPA repository interfaces.
01-12-2022 18:24:03.240 [main] INFO  o.s.b.w.e.tomcat.TomcatWebServer.initialize - Tomcat initialized with port(s): 8080 (http)
01-12-2022 18:24:03.250 [main] INFO  o.a.catalina.core.StandardService.log - Starting service [Tomcat]
01-12-2022 18:24:03.251 [main] INFO  o.a.catalina.core.StandardEngine.log - Starting Servlet engine: [Apache Tomcat/9.0.65]
01-12-2022 18:24:03.406 [main] INFO  o.a.c.c.C.[.[localhost].[/demo].log - Initializing Spring embedded WebApplicationContext
01-12-2022 18:24:03.406 [main] INFO  o.s.b.w.s.c.ServletWebServerApplicationContext.prepareWebApplicationContext - Root WebApplicationContext: initialization completed in 1836 ms
01-12-2022 18:24:03.535 [main] INFO  com.zaxxer.hikari.HikariDataSource.getConnection - HikariPool-1 - Starting...
01-12-2022 18:24:03.773 [main] INFO  com.zaxxer.hikari.HikariDataSource.getConnection - HikariPool-1 - Start completed.
01-12-2022 18:24:03.816 [main] INFO  o.h.jpa.internal.util.LogHelper.logPersistenceUnitInformation - HHH000204: Processing PersistenceUnitInfo [name: default]
01-12-2022 18:24:03.864 [main] INFO  org.hibernate.Version.logVersion - HHH000412: Hibernate ORM core version 5.6.11.Final
01-12-2022 18:24:04.033 [main] INFO  o.h.annotations.common.Version.<clinit> - HCANN000001: Hibernate Commons Annotations {5.1.2.Final}
01-12-2022 18:24:04.132 [main] INFO  org.hibernate.dialect.Dialect.<init> - HHH000400: Using dialect: org.hibernate.dialect.MySQL8Dialect
01-12-2022 18:24:04.543 [main] INFO  o.h.e.t.j.p.i.JtaPlatformInitiator.initiateService - HHH000490: Using JtaPlatform implementation: [org.hibernate.engine.transaction.jta.platform.internal.NoJtaPlatform]
01-12-2022 18:24:04.549 [main] INFO  o.s.o.j.LocalContainerEntityManagerFactoryBean.buildNativeEntityManagerFactory - Initialized JPA EntityManagerFactory for persistence unit 'default'
01-12-2022 18:24:04.862 [main] WARN  o.s.b.a.o.j.JpaBaseConfiguration$JpaWebConfiguration.openEntityManagerInViewInterceptor - spring.jpa.open-in-view is enabled by default. Therefore, database queries may be performed during view rendering. Explicitly configure spring.jpa.open-in-view to disable this warning
01-12-2022 18:24:05.624 [main] INFO  o.s.b.w.e.tomcat.TomcatWebServer.start - Tomcat started on port(s): 8080 (http) with context path '/demo'
01-12-2022 18:24:05.633 [main] INFO  c.h.demo.SpringRestDemoApplication.logStarted - Started SpringRestDemoApplication in 5.205 seconds (JVM running for 7.025)
01-12-2022 18:24:44.815 [http-nio-8080-exec-1] INFO  o.a.c.c.C.[.[localhost].[/demo].log - Initializing Spring DispatcherServlet 'dispatcherServlet'
01-12-2022 18:24:44.816 [http-nio-8080-exec-1] INFO  o.s.web.servlet.DispatcherServlet.initServletBean - Initializing Servlet 'dispatcherServlet'
01-12-2022 18:24:44.817 [http-nio-8080-exec-1] INFO  o.s.web.servlet.DispatcherServlet.initServletBean - Completed initialization in 1 ms
01-12-2022 18:24:57.907 [http-nio-8080-exec-3] INFO  o.s.api.AbstractOpenApiResource.getOpenApi - Init duration for springdoc-openapi is: 259 ms
01-12-2022 18:27:55.078 [main] INFO  c.h.demo.SpringRestDemoApplication.logStarting - Starting SpringRestDemoApplication using Java 11.0.2 on Cony with PID 16144 (D:\My Training\spring\spring-boot-demo\jpa-one-one\target\classes started by No Name in D:\My Training\spring\spring-boot-demo\jpa-one-one)
01-12-2022 18:27:55.083 [main] INFO  c.h.demo.SpringRestDemoApplication.logStartupProfileInfo - No active profile set, falling back to 1 default profile: "default"
01-12-2022 18:27:55.757 [main] INFO  o.s.d.r.c.RepositoryConfigurationDelegate.registerRepositoriesIn - Bootstrapping Spring Data JPA repositories in DEFAULT mode.
01-12-2022 18:27:55.797 [main] INFO  o.s.d.r.c.RepositoryConfigurationDelegate.registerRepositoriesIn - Finished Spring Data repository scanning in 32 ms. Found 1 JPA repository interfaces.
01-12-2022 18:27:56.471 [main] INFO  o.s.b.w.e.tomcat.TomcatWebServer.initialize - Tomcat initialized with port(s): 8080 (http)
01-12-2022 18:27:56.477 [main] INFO  o.a.catalina.core.StandardService.log - Starting service [Tomcat]
01-12-2022 18:27:56.477 [main] INFO  o.a.catalina.core.StandardEngine.log - Starting Servlet engine: [Apache Tomcat/9.0.65]
01-12-2022 18:27:56.648 [main] INFO  o.a.c.c.C.[.[localhost].[/demo].log - Initializing Spring embedded WebApplicationContext
01-12-2022 18:27:56.649 [main] INFO  o.s.b.w.s.c.ServletWebServerApplicationContext.prepareWebApplicationContext - Root WebApplicationContext: initialization completed in 1484 ms
01-12-2022 18:27:56.799 [main] INFO  com.zaxxer.hikari.HikariDataSource.getConnection - HikariPool-1 - Starting...
01-12-2022 18:27:57.105 [main] INFO  com.zaxxer.hikari.HikariDataSource.getConnection - HikariPool-1 - Start completed.
01-12-2022 18:27:57.145 [main] INFO  o.h.jpa.internal.util.LogHelper.logPersistenceUnitInformation - HHH000204: Processing PersistenceUnitInfo [name: default]
01-12-2022 18:27:57.184 [main] INFO  org.hibernate.Version.logVersion - HHH000412: Hibernate ORM core version 5.6.11.Final
01-12-2022 18:27:57.341 [main] INFO  o.h.annotations.common.Version.<clinit> - HCANN000001: Hibernate Commons Annotations {5.1.2.Final}
01-12-2022 18:27:57.450 [main] INFO  org.hibernate.dialect.Dialect.<init> - HHH000400: Using dialect: org.hibernate.dialect.MySQL8Dialect
01-12-2022 18:27:57.931 [main] INFO  o.h.e.t.j.p.i.JtaPlatformInitiator.initiateService - HHH000490: Using JtaPlatform implementation: [org.hibernate.engine.transaction.jta.platform.internal.NoJtaPlatform]
01-12-2022 18:27:57.941 [main] INFO  o.s.o.j.LocalContainerEntityManagerFactoryBean.buildNativeEntityManagerFactory - Initialized JPA EntityManagerFactory for persistence unit 'default'
01-12-2022 18:27:58.294 [main] WARN  o.s.b.a.o.j.JpaBaseConfiguration$JpaWebConfiguration.openEntityManagerInViewInterceptor - spring.jpa.open-in-view is enabled by default. Therefore, database queries may be performed during view rendering. Explicitly configure spring.jpa.open-in-view to disable this warning
01-12-2022 18:27:59.163 [main] INFO  o.s.b.w.e.tomcat.TomcatWebServer.start - Tomcat started on port(s): 8080 (http) with context path '/demo'
01-12-2022 18:27:59.172 [main] INFO  c.h.demo.SpringRestDemoApplication.logStarted - Started SpringRestDemoApplication in 4.602 seconds (JVM running for 6.29)
01-12-2022 18:28:05.463 [http-nio-8080-exec-1] INFO  o.a.c.c.C.[.[localhost].[/demo].log - Initializing Spring DispatcherServlet 'dispatcherServlet'
01-12-2022 18:28:05.465 [http-nio-8080-exec-1] INFO  o.s.web.servlet.DispatcherServlet.initServletBean - Initializing Servlet 'dispatcherServlet'
01-12-2022 18:28:05.466 [http-nio-8080-exec-1] INFO  o.s.web.servlet.DispatcherServlet.initServletBean - Completed initialization in 1 ms
01-12-2022 18:28:06.177 [http-nio-8080-exec-9] INFO  o.s.api.AbstractOpenApiResource.getOpenApi - Init duration for springdoc-openapi is: 305 ms
01-12-2022 18:29:34.794 [main] INFO  c.h.demo.SpringRestDemoApplication.logStarting - Starting SpringRestDemoApplication using Java 11.0.2 on Cony with PID 3020 (D:\My Training\spring\spring-boot-demo\jpa-one-one\target\classes started by No Name in D:\My Training\spring\spring-boot-demo\jpa-one-one)
01-12-2022 18:29:34.799 [main] INFO  c.h.demo.SpringRestDemoApplication.logStartupProfileInfo - No active profile set, falling back to 1 default profile: "default"
01-12-2022 18:29:35.458 [main] INFO  o.s.d.r.c.RepositoryConfigurationDelegate.registerRepositoriesIn - Bootstrapping Spring Data JPA repositories in DEFAULT mode.
01-12-2022 18:29:35.496 [main] INFO  o.s.d.r.c.RepositoryConfigurationDelegate.registerRepositoriesIn - Finished Spring Data repository scanning in 28 ms. Found 1 JPA repository interfaces.
01-12-2022 18:29:36.225 [main] INFO  o.s.b.w.e.tomcat.TomcatWebServer.initialize - Tomcat initialized with port(s): 8080 (http)
01-12-2022 18:29:36.232 [main] INFO  o.a.catalina.core.StandardService.log - Starting service [Tomcat]
01-12-2022 18:29:36.233 [main] INFO  o.a.catalina.core.StandardEngine.log - Starting Servlet engine: [Apache Tomcat/9.0.65]
01-12-2022 18:29:36.484 [main] INFO  o.a.c.c.C.[.[localhost].[/demo].log - Initializing Spring embedded WebApplicationContext
01-12-2022 18:29:36.484 [main] INFO  o.s.b.w.s.c.ServletWebServerApplicationContext.prepareWebApplicationContext - Root WebApplicationContext: initialization completed in 1628 ms
01-12-2022 18:29:36.690 [main] INFO  com.zaxxer.hikari.HikariDataSource.getConnection - HikariPool-1 - Starting...
01-12-2022 18:29:37.036 [main] INFO  com.zaxxer.hikari.HikariDataSource.getConnection - HikariPool-1 - Start completed.
01-12-2022 18:29:37.083 [main] INFO  o.h.jpa.internal.util.LogHelper.logPersistenceUnitInformation - HHH000204: Processing PersistenceUnitInfo [name: default]
01-12-2022 18:29:37.142 [main] INFO  org.hibernate.Version.logVersion - HHH000412: Hibernate ORM core version 5.6.11.Final
01-12-2022 18:29:37.322 [main] INFO  o.h.annotations.common.Version.<clinit> - HCANN000001: Hibernate Commons Annotations {5.1.2.Final}
01-12-2022 18:29:37.446 [main] INFO  org.hibernate.dialect.Dialect.<init> - HHH000400: Using dialect: org.hibernate.dialect.MySQL8Dialect
01-12-2022 18:29:38.101 [main] INFO  o.h.e.t.j.p.i.JtaPlatformInitiator.initiateService - HHH000490: Using JtaPlatform implementation: [org.hibernate.engine.transaction.jta.platform.internal.NoJtaPlatform]
01-12-2022 18:29:38.111 [main] INFO  o.s.o.j.LocalContainerEntityManagerFactoryBean.buildNativeEntityManagerFactory - Initialized JPA EntityManagerFactory for persistence unit 'default'
01-12-2022 18:29:38.517 [main] WARN  o.s.b.a.o.j.JpaBaseConfiguration$JpaWebConfiguration.openEntityManagerInViewInterceptor - spring.jpa.open-in-view is enabled by default. Therefore, database queries may be performed during view rendering. Explicitly configure spring.jpa.open-in-view to disable this warning
01-12-2022 18:29:39.462 [main] INFO  o.s.b.w.e.tomcat.TomcatWebServer.start - Tomcat started on port(s): 8080 (http) with context path '/demo'
01-12-2022 18:29:39.473 [main] INFO  c.h.demo.SpringRestDemoApplication.logStarted - Started SpringRestDemoApplication in 5.163 seconds (JVM running for 6.824)
01-12-2022 18:29:43.787 [http-nio-8080-exec-1] INFO  o.a.c.c.C.[.[localhost].[/demo].log - Initializing Spring DispatcherServlet 'dispatcherServlet'
01-12-2022 18:29:43.789 [http-nio-8080-exec-1] INFO  o.s.web.servlet.DispatcherServlet.initServletBean - Initializing Servlet 'dispatcherServlet'
01-12-2022 18:29:43.791 [http-nio-8080-exec-1] INFO  o.s.web.servlet.DispatcherServlet.initServletBean - Completed initialization in 2 ms
01-12-2022 18:29:44.678 [http-nio-8080-exec-9] INFO  o.s.api.AbstractOpenApiResource.getOpenApi - Init duration for springdoc-openapi is: 329 ms
